<?xml version="1.0" encoding="UTF-8"?>
<!-- Generated by org.testng.reporters.JUnitReportReporter -->
<testsuite hostname="NSL-6491" failures="0" tests="1" name="Utility.RunnerClass" time="0.006" errors="0" timestamp="2022-06-20T12:27:09 IST" skipped="0">
  <testcase classname="Utility.RunnerClass" name="runScenarios" time="0.006"/>
  <system-out/>
</testsuite> <!-- Utility.RunnerClass -->
