<?xml version="1.0" encoding="UTF-8"?>
<!-- Generated by org.testng.reporters.JUnitReportReporter -->
<testsuite hostname="NSL-6491" failures="1" tests="6" name="OLXRunner.RunnerMain" time="15.275" errors="1" timestamp="2022-06-20T13:53:09 IST" skipped="0">
  <testcase classname="OLXRunner.RunnerMain" name="runScenario" time="0.082">
    <failure message="expected [Mobiles in India, Free classifieds in India | OLX] but found [for sale in India | OLX]" type="java.lang.AssertionError">
      <![CDATA[java.lang.AssertionError: expected [Mobiles in India, Free classifieds in India | OLX] but found [for sale in India | OLX]
at org.testng.Assert.fail(Assert.java:110)
at org.testng.Assert.failNotEquals(Assert.java:1413)
at org.testng.Assert.assertEqualsImpl(Assert.java:149)
at org.testng.Assert.assertEquals(Assert.java:131)
at org.testng.Assert.assertEquals(Assert.java:655)
at org.testng.Assert.assertEquals(Assert.java:665)
at OLXDefinitions.DefinitionsClass.user_should_be_on_home_age(DefinitionsClass.java:54)
at ✽.user should be on home age(file:///C:/Users/Anjalip/eclipse-workspace/OLXCucumber/OLXAssessment/./src/test/java/OLXFeatures/OLXFeatures.feature:37)
]]>
    </failure>
  </testcase> <!-- runScenario -->
  <system-out/>
  <testcase classname="OLXRunner.RunnerMain" name="runScenario" time="3.679"/>
  <system-out/>
  <testcase classname="OLXRunner.RunnerMain" name="runScenario" time="3.948"/>
  <system-out/>
  <testcase classname="OLXRunner.RunnerMain" name="runScenario" time="3.733"/>
  <system-out/>
  <testcase classname="OLXRunner.RunnerMain" name="runScenario" time="0.298">
    <error message="Cannot invoke &quot;org.openqa.selenium.interactions.Actions.moveToElement(org.openqa.selenium.WebElement)&quot; because &quot;OLXTests.OlxTest.action&quot; is null" type="java.lang.NullPointerException">
      <![CDATA[java.lang.NullPointerException: Cannot invoke "org.openqa.selenium.interactions.Actions.moveToElement(org.openqa.selenium.WebElement)" because "OLXTests.OlxTest.action" is null
at OLXTests.OlxTest.clickOnLogin(OlxTest.java:76)
at OLXDefinitions.DefinitionsClass.user_will_click_on_login(DefinitionsClass.java:61)
at ✽.user will click on login(file:///C:/Users/Anjalip/eclipse-workspace/OLXCucumber/OLXAssessment/./src/test/java/OLXFeatures/OLXFeatures.feature:38)
]]>
    </error>
  </testcase> <!-- runScenario -->
  <system-out/>
  <testcase classname="OLXRunner.RunnerMain" name="runScenario" time="3.535"/>
  <system-out/>
</testsuite> <!-- OLXRunner.RunnerMain -->
